410c - 23/04/20 à 13:15:31 - Envoyé à un utilisateur anonyme sur la page : serveurs/json/) 
410c - 23/04/20 à 11:31:58 - Envoyé à un utilisateur anonyme sur la page : serveurs/json/) 
410c - 23/04/20 à 11:31:44 - Envoyé à un utilisateur anonyme sur la page : serveurs/3) 
450b - 23/04/20 à 10:15:47 - Envoyé à un utilisateur anonyme sur la page : getimage/png/profiles/no_profile/26/26) 
450b - 23/04/20 à 10:15:44 - Envoyé à un utilisateur anonyme sur la page : getimage/jpeg/profiles/5e9ed61e62ca4_profilejpeg/140/140) 
450b - 23/04/20 à 10:15:42 - Envoyé à un utilisateur anonyme sur la page : erreur/seen/) 
450b - 23/04/20 à 10:15:40 - Envoyé à un utilisateur anonyme sur la page : getimage/png/profiles/no_profile/26/26) 
450b - 23/04/20 à 10:15:38 - Envoyé à un utilisateur anonyme sur la page : getimage/jpeg/profiles/5e9ed61e62ca4_profilejpeg/26/26) 
410c - 23/04/20 à 10:15:36 - Envoyé à un utilisateur anonyme sur la page : serveurs/json/) 
450b - 23/04/20 à 10:15:30 - Envoyé à un utilisateur anonyme sur la page : serveurs/json/) 
450b - 23/04/20 à 10:15:28 - Envoyé à un utilisateur anonyme sur la page : getprofileimg/Goug3/140) 
450b - 23/04/20 à 10:15:26 - Envoyé à un utilisateur anonyme sur la page : getprofileimg/de/26) 
450b - 23/04/20 à 10:15:24 - Envoyé à un utilisateur anonyme sur la page : getprofileimg/Monstylo9/26) 
450b - 23/04/20 à 10:15:21 - Envoyé à un utilisateur anonyme sur la page : getprofileimg/Goug3/26) 
450b - 23/04/20 à 10:15:19 - Envoyé à un utilisateur anonyme sur la page : ) 
410c - 23/04/20 à 09:01:15 - Envoyé à un utilisateur anonyme sur la page : serveurs/json/) 
450 - 23/04/20 à 07:52:36 - Envoyé à un utilisateur anonyme sur la page : erreur/seen/) 
450 - 23/04/20 à 07:52:35 - Envoyé à un utilisateur anonyme sur la page : getimage/png/profiles/no_profile/26/26) 
450 - 23/04/20 à 07:52:34 - Envoyé à un utilisateur anonyme sur la page : getimage/jpeg/profiles/5e9ed61e62ca4_profilejpeg/140/140) 
450 - 23/04/20 à 07:52:33 - Envoyé à un utilisateur anonyme sur la page : getimage/png/profiles/no_profile/26/26) 
450 - 23/04/20 à 07:52:32 - Envoyé à un utilisateur anonyme sur la page : getimage/jpeg/profiles/5e9ed61e62ca4_profilejpeg/26/26) 
450 - 23/04/20 à 07:52:30 - Envoyé à un utilisateur anonyme sur la page : serveurs/json/) 
450 - 23/04/20 à 07:52:29 - Envoyé à un utilisateur anonyme sur la page : getprofileimg/de/26) 
450 - 23/04/20 à 07:52:28 - Envoyé à un utilisateur anonyme sur la page : getprofileimg/Goug3/140) 
450 - 23/04/20 à 07:52:27 - Envoyé à un utilisateur anonyme sur la page : getprofileimg/Monstylo9/26) 
450 - 23/04/20 à 07:52:26 - Envoyé à un utilisateur anonyme sur la page : getprofileimg/Goug3/26) 
450 - 23/04/20 à 07:52:25 - Envoyé à un utilisateur anonyme sur la page : ) 
450 - 22/04/20 à 18:01:09 - Envoyé à l'utilisateur Goug3 sur la page : erreur/seen/) 
450 - 22/04/20 à 18:00:55 - Envoyé à l'utilisateur Goug3 sur la page : serveurs/json/) 
450 - 22/04/20 à 18:00:54 - Envoyé à l'utilisateur Goug3 sur la page : getprofileimg/Goug3/140) 
450 - 22/04/20 à 18:00:53 - Envoyé à l'utilisateur Goug3 sur la page : getprofileimg/de/26) 
450 - 22/04/20 à 18:00:52 - Envoyé à l'utilisateur Goug3 sur la page : getprofileimg/Monstylo9/26) 
450 - 22/04/20 à 18:00:51 - Envoyé à l'utilisateur Goug3 sur la page : getprofileimg/Goug3/26) 
450 - 22/04/20 à 18:00:50 - Envoyé à l'utilisateur Goug3 sur la page : getprofileimg/Goug3/60) 
450 - 22/04/20 à 18:00:48 - Envoyé à l'utilisateur Goug3 sur la page : ) 
450 - 22/04/20 à 18:00:21 - Envoyé à l'utilisateur Goug3 sur la page : erreur/seen/) 
450 - 22/04/20 à 18:00:20 - Envoyé à l'utilisateur Goug3 sur la page : erreur/seen/) 
450 - 22/04/20 à 18:00:19 - Envoyé à l'utilisateur Goug3 sur la page : serveurs/json/) 
450 - 22/04/20 à 18:00:18 - Envoyé à l'utilisateur Goug3 sur la page : getprofileimg/Goug3/140) 
450 - 22/04/20 à 18:00:17 - Envoyé à l'utilisateur Goug3 sur la page : getprofileimg/de/26) 
450 - 22/04/20 à 18:00:15 - Envoyé à l'utilisateur Goug3 sur la page : getprofileimg/Monstylo9/26) 
450 - 22/04/20 à 18:00:14 - Envoyé à l'utilisateur Goug3 sur la page : getprofileimg/Goug3/26) 
450 - 22/04/20 à 18:00:13 - Envoyé à l'utilisateur Goug3 sur la page : getprofileimg/Goug3/60) 
450 - 22/04/20 à 18:00:12 - Envoyé à l'utilisateur Goug3 sur la page : ) 
450 - 22/04/20 à 17:59:57 - Envoyé à l'utilisateur Goug3 sur la page : erreur/seen/) 
450 - 22/04/20 à 17:59:56 - Envoyé à l'utilisateur Goug3 sur la page : getimage/png/profiles/no_profile/26/26) 
450 - 22/04/20 à 17:59:55 - Envoyé à l'utilisateur Goug3 sur la page : erreur/seen/) 
450 - 22/04/20 à 17:59:54 - Envoyé à l'utilisateur Goug3 sur la page : getimage/jpeg/profiles/5e9ed61e62ca4_profilejpeg/140/140) 
450 - 22/04/20 à 17:59:53 - Envoyé à l'utilisateur Goug3 sur la page : getimage/png/profiles/no_profile/26/26) 
450 - 22/04/20 à 17:59:52 - Envoyé à l'utilisateur Goug3 sur la page : getimage/jpeg/profiles/5e9ed61e62ca4_profilejpeg/26/26) 
450 - 22/04/20 à 17:59:51 - Envoyé à l'utilisateur Goug3 sur la page : getimage/jpeg/profiles/5e9ed61e62ca4_profilejpeg/60/60) 
450 - 22/04/20 à 17:59:50 - Envoyé à l'utilisateur Goug3 sur la page : serveurs/json/) 
450 - 22/04/20 à 17:59:49 - Envoyé à l'utilisateur Goug3 sur la page : getprofileimg/de/26) 
450 - 22/04/20 à 17:59:48 - Envoyé à l'utilisateur Goug3 sur la page : getprofileimg/Goug3/140) 
450 - 22/04/20 à 17:59:47 - Envoyé à l'utilisateur Goug3 sur la page : getprofileimg/Monstylo9/26) 
450 - 22/04/20 à 17:59:45 - Envoyé à l'utilisateur Goug3 sur la page : getprofileimg/Goug3/26) 
450 - 22/04/20 à 17:59:44 - Envoyé à l'utilisateur Goug3 sur la page : getprofileimg/Goug3/60) 
450 - 22/04/20 à 17:59:43 - Envoyé à l'utilisateur Goug3 sur la page : ) 
460 - 22/04/20 à 17:59:22 - Envoyé à l'utilisateur Goug3 sur la page : getimage/png/profiles/no_profile/26/26) 
460 - 22/04/20 à 17:59:21 - Envoyé à l'utilisateur Goug3 sur la page : getimage/jpeg/profiles/5e9ed61e62ca4_profilejpeg/140/140) 
460 - 22/04/20 à 17:59:20 - Envoyé à l'utilisateur Goug3 sur la page : getimage/png/profiles/no_profile/26/26) 
460 - 22/04/20 à 17:59:19 - Envoyé à l'utilisateur Goug3 sur la page : getimage/jpeg/profiles/5e9ed61e62ca4_profilejpeg/26/26) 
460 - 22/04/20 à 17:59:18 - Envoyé à l'utilisateur Goug3 sur la page : getimage/jpeg/profiles/5e9ed61e62ca4_profilejpeg/60/60) 
460 - 22/04/20 à 17:59:17 - Envoyé à l'utilisateur Goug3 sur la page : serveurs/json/) 
460 - 22/04/20 à 17:59:16 - Envoyé à l'utilisateur Goug3 sur la page : getprofileimg/de/26) 
460 - 22/04/20 à 17:59:15 - Envoyé à l'utilisateur Goug3 sur la page : getprofileimg/Goug3/140) 
460 - 22/04/20 à 17:59:14 - Envoyé à l'utilisateur Goug3 sur la page : getprofileimg/Monstylo9/26) 
460 - 22/04/20 à 17:59:12 - Envoyé à l'utilisateur Goug3 sur la page : getprofileimg/Goug3/26) 
460 - 22/04/20 à 17:59:11 - Envoyé à l'utilisateur Goug3 sur la page : getprofileimg/Goug3/60) 
460 - 22/04/20 à 17:59:10 - Envoyé à l'utilisateur Goug3 sur la page : ) 
460 - 22/04/20 à 17:56:55 - Envoyé à l'utilisateur Goug3 sur la page : erreur/seen/) 
460 - 22/04/20 à 17:56:54 - Envoyé à l'utilisateur Goug3 sur la page : getimage/png/profiles/no_profile/26/26) 
460 - 22/04/20 à 17:56:53 - Envoyé à l'utilisateur Goug3 sur la page : getimage/jpeg/profiles/5e9ed61e62ca4_profilejpeg/140/140) 
460 - 22/04/20 à 17:56:52 - Envoyé à l'utilisateur Goug3 sur la page : getimage/png/profiles/no_profile/26/26) 
460 - 22/04/20 à 17:56:51 - Envoyé à l'utilisateur Goug3 sur la page : getimage/jpeg/profiles/5e9ed61e62ca4_profilejpeg/26/26) 
460 - 22/04/20 à 17:56:50 - Envoyé à l'utilisateur Goug3 sur la page : getimage/jpeg/profiles/5e9ed61e62ca4_profilejpeg/60/60) 
460 - 22/04/20 à 17:56:48 - Envoyé à l'utilisateur Goug3 sur la page : serveurs/json/) 
460 - 22/04/20 à 17:56:47 - Envoyé à l'utilisateur Goug3 sur la page : getprofileimg/Goug3/140) 
460 - 22/04/20 à 17:56:46 - Envoyé à l'utilisateur Goug3 sur la page : getprofileimg/de/26) 
460 - 22/04/20 à 17:56:45 - Envoyé à l'utilisateur Goug3 sur la page : getprofileimg/Monstylo9/26) 
460 - 22/04/20 à 17:56:44 - Envoyé à l'utilisateur Goug3 sur la page : getprofileimg/Goug3/26) 
460 - 22/04/20 à 17:56:43 - Envoyé à l'utilisateur Goug3 sur la page : getprofileimg/Goug3/60) 
460 - 22/04/20 à 17:56:42 - Envoyé à l'utilisateur Goug3 sur la page : ) 
460 - 22/04/20 à 17:55:34 - Envoyé à l'utilisateur Goug3 sur la page : getimage/png/profiles/no_profile/26/26) 
460 - 22/04/20 à 17:55:33 - Envoyé à l'utilisateur Goug3 sur la page : getimage/jpeg/profiles/5e9ed61e62ca4_profilejpeg/140/140) 
460 - 22/04/20 à 17:55:32 - Envoyé à l'utilisateur Goug3 sur la page : erreur/seen/) 
460 - 22/04/20 à 17:55:31 - Envoyé à l'utilisateur Goug3 sur la page : getimage/png/profiles/no_profile/26/26) 
460 - 22/04/20 à 17:55:30 - Envoyé à l'utilisateur Goug3 sur la page : getimage/jpeg/profiles/5e9ed61e62ca4_profilejpeg/26/26) 
460 - 22/04/20 à 17:55:29 - Envoyé à l'utilisateur Goug3 sur la page : getimage/jpeg/profiles/5e9ed61e62ca4_profilejpeg/60/60) 
460 - 22/04/20 à 17:55:28 - Envoyé à l'utilisateur Goug3 sur la page : serveurs/json/) 
460 - 22/04/20 à 17:55:26 - Envoyé à l'utilisateur Goug3 sur la page : getprofileimg/Goug3/140) 
460 - 22/04/20 à 17:55:25 - Envoyé à l'utilisateur Goug3 sur la page : getprofileimg/de/26) 
460 - 22/04/20 à 17:55:24 - Envoyé à l'utilisateur Goug3 sur la page : getprofileimg/Monstylo9/26) 
460 - 22/04/20 à 17:55:23 - Envoyé à l'utilisateur Goug3 sur la page : getprofileimg/Goug3/26) 
460 - 22/04/20 à 17:55:22 - Envoyé à l'utilisateur Goug3 sur la page : getprofileimg/Goug3/60) 
460 - 22/04/20 à 17:55:21 - Envoyé à l'utilisateur Goug3 sur la page : ) 
460 - 22/04/20 à 17:55:07 - Envoyé à l'utilisateur Goug3 sur la page : erreur/seen/) 
460 - 22/04/20 à 17:55:05 - Envoyé à l'utilisateur Goug3 sur la page : getimage/png/profiles/no_profile/26/26) 
460 - 22/04/20 à 17:55:04 - Envoyé à l'utilisateur Goug3 sur la page : getimage/jpeg/profiles/5e9ed61e62ca4_profilejpeg/140/140) 
460 - 22/04/20 à 17:55:03 - Envoyé à l'utilisateur Goug3 sur la page : getimage/png/profiles/no_profile/26/26) 
460 - 22/04/20 à 17:55:02 - Envoyé à l'utilisateur Goug3 sur la page : getimage/jpeg/profiles/5e9ed61e62ca4_profilejpeg/26/26) 
460 - 22/04/20 à 17:55:01 - Envoyé à l'utilisateur Goug3 sur la page : getimage/jpeg/profiles/5e9ed61e62ca4_profilejpeg/60/60) 
460 - 22/04/20 à 17:54:59 - Envoyé à l'utilisateur Goug3 sur la page : serveurs/json/) 
460 - 22/04/20 à 17:54:58 - Envoyé à l'utilisateur Goug3 sur la page : getprofileimg/Goug3/140) 
460 - 22/04/20 à 17:54:57 - Envoyé à l'utilisateur Goug3 sur la page : getprofileimg/de/26) 
460 - 22/04/20 à 17:54:56 - Envoyé à l'utilisateur Goug3 sur la page : getprofileimg/Monstylo9/26) 
460 - 22/04/20 à 17:54:55 - Envoyé à l'utilisateur Goug3 sur la page : getprofileimg/Goug3/26) 
460 - 22/04/20 à 17:54:54 - Envoyé à l'utilisateur Goug3 sur la page : getprofileimg/Goug3/60) 
460 - 22/04/20 à 17:54:53 - Envoyé à l'utilisateur Goug3 sur la page : ) 
460 - 22/04/20 à 17:54:40 - Envoyé à l'utilisateur Goug3 sur la page : getimage/png/profiles/no_profile/26/26) 
460 - 22/04/20 à 17:54:39 - Envoyé à l'utilisateur Goug3 sur la page : getimage/jpeg/profiles/5e9ed61e62ca4_profilejpeg/140/140) 
460 - 22/04/20 à 17:54:38 - Envoyé à l'utilisateur Goug3 sur la page : getimage/png/profiles/no_profile/26/26) 
460 - 22/04/20 à 17:54:37 - Envoyé à l'utilisateur Goug3 sur la page : getimage/jpeg/profiles/5e9ed61e62ca4_profilejpeg/26/26) 
460 - 22/04/20 à 17:54:36 - Envoyé à l'utilisateur Goug3 sur la page : getimage/jpeg/profiles/5e9ed61e62ca4_profilejpeg/60/60) 
460 - 22/04/20 à 17:54:35 - Envoyé à l'utilisateur Goug3 sur la page : serveurs/json/) 
460 - 22/04/20 à 17:54:34 - Envoyé à l'utilisateur Goug3 sur la page : getprofileimg/Goug3/140) 
460 - 22/04/20 à 17:54:32 - Envoyé à l'utilisateur Goug3 sur la page : getprofileimg/de/26) 
460 - 22/04/20 à 17:54:31 - Envoyé à l'utilisateur Goug3 sur la page : getprofileimg/Monstylo9/26) 
460 - 22/04/20 à 17:54:30 - Envoyé à l'utilisateur Goug3 sur la page : getprofileimg/Goug3/26) 
460 - 22/04/20 à 17:54:29 - Envoyé à l'utilisateur Goug3 sur la page : getprofileimg/Goug3/60) 
460 - 22/04/20 à 17:54:28 - Envoyé à l'utilisateur Goug3 sur la page : ) 
460 - 22/04/20 à 17:54:27 - Envoyé à l'utilisateur Goug3 sur la page : getimage/png/profiles/no_profile/26/26) 
460 - 22/04/20 à 17:54:26 - Envoyé à l'utilisateur Goug3 sur la page : erreur/seen/) 
460 - 22/04/20 à 17:54:25 - Envoyé à l'utilisateur Goug3 sur la page : getimage/jpeg/profiles/5e9ed61e62ca4_profilejpeg/140/140) 
460 - 22/04/20 à 17:54:24 - Envoyé à l'utilisateur Goug3 sur la page : getimage/png/profiles/no_profile/26/26) 
460 - 22/04/20 à 17:54:23 - Envoyé à l'utilisateur Goug3 sur la page : getimage/jpeg/profiles/5e9ed61e62ca4_profilejpeg/60/60) 
460 - 22/04/20 à 17:54:21 - Envoyé à l'utilisateur Goug3 sur la page : getimage/jpeg/profiles/5e9ed61e62ca4_profilejpeg/26/26) 
460 - 22/04/20 à 17:54:20 - Envoyé à l'utilisateur Goug3 sur la page : serveurs/json/) 
460 - 22/04/20 à 17:54:19 - Envoyé à l'utilisateur Goug3 sur la page : getprofileimg/Goug3/140) 
460 - 22/04/20 à 17:54:18 - Envoyé à l'utilisateur Goug3 sur la page : getprofileimg/Monstylo9/26) 
460 - 22/04/20 à 17:54:17 - Envoyé à l'utilisateur Goug3 sur la page : getprofileimg/de/26) 
460 - 22/04/20 à 17:54:16 - Envoyé à l'utilisateur Goug3 sur la page : getprofileimg/Goug3/60) 
460 - 22/04/20 à 17:54:15 - Envoyé à l'utilisateur Goug3 sur la page : getprofileimg/Goug3/26) 
460 - 22/04/20 à 17:54:14 - Envoyé à l'utilisateur Goug3 sur la page : ) 
460 - 22/04/20 à 17:53:51 - Envoyé à l'utilisateur Goug3 sur la page : ) 
460 - 22/04/20 à 17:53:16 - Envoyé à l'utilisateur Goug3 sur la page : ) 
460 - 22/04/20 à 17:51:20 - Envoyé à l'utilisateur Goug3 sur la page : getimage/png/profiles/no_profile/26/26) 
460 - 22/04/20 à 17:51:19 - Envoyé à l'utilisateur Goug3 sur la page : erreur/seen/) 
460 - 22/04/20 à 17:51:18 - Envoyé à l'utilisateur Goug3 sur la page : getimage/jpeg/profiles/5e9ed61e62ca4_profilejpeg/140/140) 
460 - 22/04/20 à 17:51:17 - Envoyé à l'utilisateur Goug3 sur la page : getimage/png/profiles/no_profile/26/26) 
460 - 22/04/20 à 17:51:16 - Envoyé à l'utilisateur Goug3 sur la page : getimage/jpeg/profiles/5e9ed61e62ca4_profilejpeg/26/26) 
460 - 22/04/20 à 17:51:15 - Envoyé à l'utilisateur Goug3 sur la page : getimage/jpeg/profiles/5e9ed61e62ca4_profilejpeg/60/60) 
460 - 22/04/20 à 17:51:14 - Envoyé à l'utilisateur Goug3 sur la page : serveurs/json/) 
460 - 22/04/20 à 17:51:13 - Envoyé à l'utilisateur Goug3 sur la page : getprofileimg/de/26) 
460 - 22/04/20 à 17:51:12 - Envoyé à l'utilisateur Goug3 sur la page : getprofileimg/Goug3/140) 
460 - 22/04/20 à 17:51:11 - Envoyé à l'utilisateur Goug3 sur la page : getprofileimg/Monstylo9/26) 
460 - 22/04/20 à 17:51:10 - Envoyé à l'utilisateur Goug3 sur la page : getprofileimg/Goug3/26) 
460 - 22/04/20 à 17:51:08 - Envoyé à l'utilisateur Goug3 sur la page : getprofileimg/Goug3/60) 
460 - 22/04/20 à 17:51:07 - Envoyé à l'utilisateur Goug3 sur la page : ) 
460 - 22/04/20 à 17:50:55 - Envoyé à l'utilisateur Goug3 sur la page : getimage/png/profiles/no_profile/26/26) 
460 - 22/04/20 à 17:50:54 - Envoyé à l'utilisateur Goug3 sur la page : getimage/jpeg/profiles/5e9ed61e62ca4_profilejpeg/140/140) 
460 - 22/04/20 à 17:50:53 - Envoyé à l'utilisateur Goug3 sur la page : getimage/png/profiles/no_profile/26/26) 
460 - 22/04/20 à 17:50:52 - Envoyé à l'utilisateur Goug3 sur la page : getimage/jpeg/profiles/5e9ed61e62ca4_profilejpeg/26/26) 
460 - 22/04/20 à 17:50:51 - Envoyé à l'utilisateur Goug3 sur la page : getimage/jpeg/profiles/5e9ed61e62ca4_profilejpeg/60/60) 
460 - 22/04/20 à 17:50:50 - Envoyé à l'utilisateur Goug3 sur la page : serveurs/json/) 
460 - 22/04/20 à 17:50:48 - Envoyé à l'utilisateur Goug3 sur la page : getprofileimg/Goug3/140) 
460 - 22/04/20 à 17:50:47 - Envoyé à l'utilisateur Goug3 sur la page : getprofileimg/de/26) 
460 - 22/04/20 à 17:50:46 - Envoyé à l'utilisateur Goug3 sur la page : getprofileimg/Monstylo9/26) 
460 - 22/04/20 à 17:50:45 - Envoyé à l'utilisateur Goug3 sur la page : getprofileimg/Goug3/26) 
460 - 22/04/20 à 17:50:44 - Envoyé à l'utilisateur Goug3 sur la page : getprofileimg/Goug3/60) 
460 - 22/04/20 à 17:50:43 - Envoyé à l'utilisateur Goug3 sur la page : ) 
460 - 22/04/20 à 17:50:38 - Envoyé à l'utilisateur Goug3 sur la page : erreur/seen/) 
460 - 22/04/20 à 17:50:37 - Envoyé à l'utilisateur Goug3 sur la page : getimage/png/profiles/no_profile/26/26) 
460 - 22/04/20 à 17:50:36 - Envoyé à l'utilisateur Goug3 sur la page : erreur/seen/) 
460 - 22/04/20 à 17:50:35 - Envoyé à l'utilisateur Goug3 sur la page : getimage/jpeg/profiles/5e9ed61e62ca4_profilejpeg/140/140) 
460 - 22/04/20 à 17:50:34 - Envoyé à l'utilisateur Goug3 sur la page : getimage/png/profiles/no_profile/26/26) 
460 - 22/04/20 à 17:50:33 - Envoyé à l'utilisateur Goug3 sur la page : getimage/jpeg/profiles/5e9ed61e62ca4_profilejpeg/26/26) 
460 - 22/04/20 à 17:50:32 - Envoyé à l'utilisateur Goug3 sur la page : getimage/jpeg/profiles/5e9ed61e62ca4_profilejpeg/60/60) 
460 - 22/04/20 à 17:50:31 - Envoyé à l'utilisateur Goug3 sur la page : serveurs/json/) 
460 - 22/04/20 à 17:50:30 - Envoyé à l'utilisateur Goug3 sur la page : getprofileimg/Goug3/140) 
460 - 22/04/20 à 17:50:28 - Envoyé à l'utilisateur Goug3 sur la page : getprofileimg/de/26) 
460 - 22/04/20 à 17:50:27 - Envoyé à l'utilisateur Goug3 sur la page : getprofileimg/Monstylo9/26) 
460 - 22/04/20 à 17:50:26 - Envoyé à l'utilisateur Goug3 sur la page : getprofileimg/Goug3/26) 
460 - 22/04/20 à 17:50:25 - Envoyé à l'utilisateur Goug3 sur la page : getprofileimg/Goug3/60) 
460 - 22/04/20 à 17:50:24 - Envoyé à l'utilisateur Goug3 sur la page : ) 
460 - 22/04/20 à 17:49:40 - Envoyé à l'utilisateur Goug3 sur la page : getimage/png/profiles/no_profile/26/26) 
460 - 22/04/20 à 17:49:39 - Envoyé à l'utilisateur Goug3 sur la page : getimage/jpeg/profiles/5e9ed61e62ca4_profilejpeg/140/140) 
460 - 22/04/20 à 17:49:37 - Envoyé à l'utilisateur Goug3 sur la page : getimage/png/profiles/no_profile/26/26) 
460 - 22/04/20 à 17:49:36 - Envoyé à l'utilisateur Goug3 sur la page : getimage/jpeg/profiles/5e9ed61e62ca4_profilejpeg/26/26) 
460 - 22/04/20 à 17:49:35 - Envoyé à l'utilisateur Goug3 sur la page : getimage/jpeg/profiles/5e9ed61e62ca4_profilejpeg/60/60) 
460 - 22/04/20 à 17:49:34 - Envoyé à l'utilisateur Goug3 sur la page : serveurs/json/) 
460 - 22/04/20 à 17:49:33 - Envoyé à l'utilisateur Goug3 sur la page : getprofileimg/Goug3/140) 
460 - 22/04/20 à 17:49:32 - Envoyé à l'utilisateur Goug3 sur la page : getprofileimg/Monstylo9/26) 
460 - 22/04/20 à 17:49:31 - Envoyé à l'utilisateur Goug3 sur la page : getprofileimg/de/26) 
460 - 22/04/20 à 17:49:30 - Envoyé à l'utilisateur Goug3 sur la page : getprofileimg/Goug3/26) 
460 - 22/04/20 à 17:49:29 - Envoyé à l'utilisateur Goug3 sur la page : getprofileimg/Goug3/60) 
460 - 22/04/20 à 17:49:27 - Envoyé à l'utilisateur Goug3 sur la page : ) 
460 - 22/04/20 à 17:48:14 - Envoyé à l'utilisateur Goug3 sur la page : getimage/png/profiles/no_profile/26/26) 
460 - 22/04/20 à 17:48:13 - Envoyé à l'utilisateur Goug3 sur la page : getimage/jpeg/profiles/5e9ed61e62ca4_profilejpeg/140/140) 
460 - 22/04/20 à 17:48:12 - Envoyé à l'utilisateur Goug3 sur la page : getimage/png/profiles/no_profile/26/26) 
460 - 22/04/20 à 17:48:11 - Envoyé à l'utilisateur Goug3 sur la page : getimage/jpeg/profiles/5e9ed61e62ca4_profilejpeg/26/26) 
460 - 22/04/20 à 17:48:10 - Envoyé à l'utilisateur Goug3 sur la page : getimage/jpeg/profiles/5e9ed61e62ca4_profilejpeg/60/60) 
460 - 22/04/20 à 17:48:08 - Envoyé à l'utilisateur Goug3 sur la page : serveurs/json/) 
460 - 22/04/20 à 17:48:07 - Envoyé à l'utilisateur Goug3 sur la page : getprofileimg/Goug3/140) 
460 - 22/04/20 à 17:48:06 - Envoyé à l'utilisateur Goug3 sur la page : getprofileimg/de/26) 
460 - 22/04/20 à 17:48:05 - Envoyé à l'utilisateur Goug3 sur la page : getprofileimg/Monstylo9/26) 
460 - 22/04/20 à 17:48:04 - Envoyé à l'utilisateur Goug3 sur la page : getprofileimg/Goug3/26) 
460 - 22/04/20 à 17:48:03 - Envoyé à l'utilisateur Goug3 sur la page : getprofileimg/Goug3/60) 
460 - 22/04/20 à 17:48:02 - Envoyé à l'utilisateur Goug3 sur la page : ) 
460 - 22/04/20 à 17:47:51 - Envoyé à l'utilisateur Goug3 sur la page : getimage/png/profiles/no_profile/26/26) 
460 - 22/04/20 à 17:47:50 - Envoyé à l'utilisateur Goug3 sur la page : getimage/jpeg/profiles/5e9ed61e62ca4_profilejpeg/140/140) 
460 - 22/04/20 à 17:47:49 - Envoyé à l'utilisateur Goug3 sur la page : getimage/png/profiles/no_profile/26/26) 
460 - 22/04/20 à 17:47:48 - Envoyé à l'utilisateur Goug3 sur la page : getimage/jpeg/profiles/5e9ed61e62ca4_profilejpeg/26/26) 
460 - 22/04/20 à 17:47:46 - Envoyé à l'utilisateur Goug3 sur la page : getimage/jpeg/profiles/5e9ed61e62ca4_profilejpeg/60/60) 
460 - 22/04/20 à 17:47:45 - Envoyé à l'utilisateur Goug3 sur la page : serveurs/json/) 
460 - 22/04/20 à 17:47:44 - Envoyé à l'utilisateur Goug3 sur la page : getprofileimg/Goug3/140) 
460 - 22/04/20 à 17:47:43 - Envoyé à l'utilisateur Goug3 sur la page : getprofileimg/de/26) 
460 - 22/04/20 à 17:47:42 - Envoyé à l'utilisateur Goug3 sur la page : getprofileimg/Monstylo9/26) 
460 - 22/04/20 à 17:47:41 - Envoyé à l'utilisateur Goug3 sur la page : getprofileimg/Goug3/26) 
460 - 22/04/20 à 17:47:40 - Envoyé à l'utilisateur Goug3 sur la page : getprofileimg/Goug3/60) 
460 - 22/04/20 à 17:47:39 - Envoyé à l'utilisateur Goug3 sur la page : ) 
460 - 22/04/20 à 17:47:29 - Envoyé à l'utilisateur Goug3 sur la page : getimage/png/profiles/no_profile/26/26) 
460 - 22/04/20 à 17:47:28 - Envoyé à l'utilisateur Goug3 sur la page : erreur/seen/) 
460 - 22/04/20 à 17:47:27 - Envoyé à l'utilisateur Goug3 sur la page : getimage/jpeg/profiles/5e9ed61e62ca4_profilejpeg/140/140) 
460 - 22/04/20 à 17:47:25 - Envoyé à l'utilisateur Goug3 sur la page : getimage/png/profiles/no_profile/26/26) 
460 - 22/04/20 à 17:47:24 - Envoyé à l'utilisateur Goug3 sur la page : erreur/seen/) 
460 - 22/04/20 à 17:47:23 - Envoyé à l'utilisateur Goug3 sur la page : getimage/jpeg/profiles/5e9ed61e62ca4_profilejpeg/26/26) 
460 - 22/04/20 à 17:47:22 - Envoyé à l'utilisateur Goug3 sur la page : getimage/jpeg/profiles/5e9ed61e62ca4_profilejpeg/60/60) 
460 - 22/04/20 à 17:47:21 - Envoyé à l'utilisateur Goug3 sur la page : serveurs/json/) 
460 - 22/04/20 à 17:47:20 - Envoyé à l'utilisateur Goug3 sur la page : getprofileimg/Goug3/140) 
460 - 22/04/20 à 17:47:19 - Envoyé à l'utilisateur Goug3 sur la page : getprofileimg/de/26) 
460 - 22/04/20 à 17:47:18 - Envoyé à l'utilisateur Goug3 sur la page : getprofileimg/Monstylo9/26) 
460 - 22/04/20 à 17:47:17 - Envoyé à l'utilisateur Goug3 sur la page : getprofileimg/Goug3/26) 
460 - 22/04/20 à 17:47:16 - Envoyé à l'utilisateur Goug3 sur la page : getprofileimg/Goug3/60) 
460 - 22/04/20 à 17:47:15 - Envoyé à l'utilisateur Goug3 sur la page : ) 
460 - 22/04/20 à 17:46:26 - Envoyé à l'utilisateur Goug3 sur la page : serveurs/json/) 
460 - 22/04/20 à 17:46:24 - Envoyé à l'utilisateur Goug3 sur la page : getprofileimg/Goug3/140) 
460 - 22/04/20 à 17:46:23 - Envoyé à l'utilisateur Goug3 sur la page : getprofileimg/Monstylo9/26) 
460 - 22/04/20 à 17:46:22 - Envoyé à l'utilisateur Goug3 sur la page : getprofileimg/de/26) 
460 - 22/04/20 à 17:46:21 - Envoyé à l'utilisateur Goug3 sur la page : getprofileimg/Goug3/26) 
460 - 22/04/20 à 17:46:20 - Envoyé à l'utilisateur Goug3 sur la page : getprofileimg/Goug3/60) 
460 - 22/04/20 à 17:46:19 - Envoyé à l'utilisateur Goug3 sur la page : ) 
460 - 22/04/20 à 17:46:13 - Envoyé à l'utilisateur Goug3 sur la page : serveurs/json/) 
460 - 22/04/20 à 17:46:11 - Envoyé à l'utilisateur Goug3 sur la page : getprofileimg/de/26) 
460 - 22/04/20 à 17:46:10 - Envoyé à l'utilisateur Goug3 sur la page : getprofileimg/Goug3/140) 
460 - 22/04/20 à 17:46:09 - Envoyé à l'utilisateur Goug3 sur la page : getprofileimg/Monstylo9/26) 
460 - 22/04/20 à 17:46:08 - Envoyé à l'utilisateur Goug3 sur la page : getprofileimg/Goug3/26) 
460 - 22/04/20 à 17:46:07 - Envoyé à l'utilisateur Goug3 sur la page : getprofileimg/Goug3/60) 
460 - 22/04/20 à 17:46:06 - Envoyé à l'utilisateur Goug3 sur la page : ) 
460 - 22/04/20 à 17:45:17 - Envoyé à l'utilisateur Goug3 sur la page : erreur/seen/) 
460 - 22/04/20 à 17:45:16 - Envoyé à l'utilisateur Goug3 sur la page : erreur/seen/) 
460 - 22/04/20 à 17:45:12 - Envoyé à l'utilisateur Goug3 sur la page : serveurs/json/) 
460 - 22/04/20 à 17:45:11 - Envoyé à l'utilisateur Goug3 sur la page : getprofileimg/Goug3/140) 
460 - 22/04/20 à 17:45:10 - Envoyé à l'utilisateur Goug3 sur la page : getprofileimg/de/26) 
460 - 22/04/20 à 17:45:09 - Envoyé à l'utilisateur Goug3 sur la page : getprofileimg/Monstylo9/26) 
460 - 22/04/20 à 17:45:07 - Envoyé à l'utilisateur Goug3 sur la page : getprofileimg/Goug3/60) 
460 - 22/04/20 à 17:45:06 - Envoyé à l'utilisateur Goug3 sur la page : getprofileimg/Goug3/26) 
460 - 22/04/20 à 17:45:05 - Envoyé à l'utilisateur Goug3 sur la page : ) 
460 - 22/04/20 à 17:44:57 - Envoyé à l'utilisateur Goug3 sur la page : erreur/seen/) 
460 - 22/04/20 à 17:44:56 - Envoyé à l'utilisateur Goug3 sur la page : erreur/seen/) 
460 - 22/04/20 à 17:44:54 - Envoyé à l'utilisateur Goug3 sur la page : erreur/seen/) 
460 - 22/04/20 à 17:44:53 - Envoyé à l'utilisateur Goug3 sur la page : erreur/seen/) 
460 - 22/04/20 à 17:44:52 - Envoyé à l'utilisateur Goug3 sur la page : erreur/seen/) 
460 - 22/04/20 à 17:44:51 - Envoyé à l'utilisateur Goug3 sur la page : erreur/seen/) 
460 - 22/04/20 à 17:44:50 - Envoyé à l'utilisateur Goug3 sur la page : serveurs/json/) 
460 - 22/04/20 à 17:44:49 - Envoyé à l'utilisateur Goug3 sur la page : getprofileimg/Goug3/140) 
460 - 22/04/20 à 17:44:48 - Envoyé à l'utilisateur Goug3 sur la page : getprofileimg/de/26) 
460 - 22/04/20 à 17:44:46 - Envoyé à l'utilisateur Goug3 sur la page : getprofileimg/Monstylo9/26) 
460 - 22/04/20 à 17:44:45 - Envoyé à l'utilisateur Goug3 sur la page : getprofileimg/Goug3/60) 
460 - 22/04/20 à 17:44:44 - Envoyé à l'utilisateur Goug3 sur la page : getprofileimg/Goug3/26) 
460 - 22/04/20 à 17:44:43 - Envoyé à l'utilisateur Goug3 sur la page : ) 
460 - 22/04/20 à 17:44:24 - Envoyé à l'utilisateur Goug3 sur la page : erreur/seen/) 
460 - 22/04/20 à 17:44:23 - Envoyé à l'utilisateur Goug3 sur la page : erreur/seen/) 
460 - 22/04/20 à 17:44:22 - Envoyé à l'utilisateur Goug3 sur la page : serveurs/json/) 
460 - 22/04/20 à 17:44:21 - Envoyé à l'utilisateur Goug3 sur la page : getprofileimg/Goug3/140) 
460 - 22/04/20 à 17:44:20 - Envoyé à l'utilisateur Goug3 sur la page : getprofileimg/de/26) 
460 - 22/04/20 à 17:44:18 - Envoyé à l'utilisateur Goug3 sur la page : getprofileimg/Monstylo9/26) 
460 - 22/04/20 à 17:44:17 - Envoyé à l'utilisateur Goug3 sur la page : getprofileimg/Goug3/26) 
460 - 22/04/20 à 17:44:16 - Envoyé à l'utilisateur Goug3 sur la page : getprofileimg/Goug3/60) 
460 - 22/04/20 à 17:44:15 - Envoyé à l'utilisateur Goug3 sur la page : ) 
460 - 22/04/20 à 17:42:37 - Envoyé à l'utilisateur Goug3 sur la page : erreur/seen/) 
460 - 22/04/20 à 17:42:36 - Envoyé à l'utilisateur Goug3 sur la page : erreur/seen/) 
460 - 22/04/20 à 17:42:35 - Envoyé à l'utilisateur Goug3 sur la page : erreur/seen/) 
460 - 22/04/20 à 17:42:10 - Envoyé à l'utilisateur Goug3 sur la page : serveurs/json/) 
460 - 22/04/20 à 17:42:09 - Envoyé à l'utilisateur Goug3 sur la page : getprofileimg/Goug3/140) 
460 - 22/04/20 à 17:42:08 - Envoyé à l'utilisateur Goug3 sur la page : getprofileimg/de/26) 
460 - 22/04/20 à 17:42:06 - Envoyé à l'utilisateur Goug3 sur la page : getprofileimg/Monstylo9/26) 
460 - 22/04/20 à 17:42:05 - Envoyé à l'utilisateur Goug3 sur la page : getprofileimg/Goug3/26) 
460 - 22/04/20 à 17:42:04 - Envoyé à l'utilisateur Goug3 sur la page : getprofileimg/Goug3/60) 
460 - 22/04/20 à 17:42:03 - Envoyé à l'utilisateur Goug3 sur la page : ) 
400b - 22/04/20 à 16:55:01 - Envoyé à l'utilisateur Goug3 sur la page : serveurs/json/) 
400b - 22/04/20 à 16:54:40 - Envoyé à l'utilisateur Goug3 sur la page : serveurs/json/) 
400b - 22/04/20 à 16:53:15 - Envoyé à l'utilisateur Goug3 sur la page : serveurs/3) 
400 - 22/04/20 à 16:24:04 - Envoyé à l'utilisateur Goug3 sur la page : serveurs/json/) 
400 - 22/04/20 à 16:24:03 - Envoyé à l'utilisateur Goug3 sur la page : serveurs/3) 
400 - 22/04/20 à 16:24:01 - Envoyé à l'utilisateur Goug3 sur la page : serveurs/json/) 
400 - 22/04/20 à 16:23:55 - Envoyé à l'utilisateur Goug3 sur la page : serveurs/json/) 
400 - 22/04/20 à 16:17:16 - Envoyé à l'utilisateur Goug3 sur la page : serveurs/json/) 
400 - 22/04/20 à 16:17:06 - Envoyé à l'utilisateur Goug3 sur la page : serveurs/3) 
400 - 22/04/20 à 16:16:18 - Envoyé à l'utilisateur Goug3 sur la page : serveurs/3) 
400 - 22/04/20 à 16:16:05 - Envoyé à l'utilisateur Goug3 sur la page : serveurs/json/) 
400 - 22/04/20 à 16:12:04 - Envoyé à l'utilisateur Goug3 sur la page : serveurs/3) 
400 - 22/04/20 à 16:11:55 - Envoyé à l'utilisateur Goug3 sur la page : serveurs/json/) 
400 - 22/04/20 à 16:11:30 - Envoyé à l'utilisateur Goug3 sur la page : serveurs/json/) 
400 - 22/04/20 à 16:10:56 - Envoyé à l'utilisateur Goug3 sur la page : serveurs/json/) 
400 - 22/04/20 à 16:10:44 - Envoyé à l'utilisateur Goug3 sur la page : serveurs/3) 
400 - 22/04/20 à 16:10:35 - Envoyé à l'utilisateur Goug3 sur la page : serveurs/json/) 
400 - 22/04/20 à 16:10:28 - Envoyé à l'utilisateur Goug3 sur la page : serveurs/json/) 
400 - 22/04/20 à 16:10:19 - Envoyé à l'utilisateur Goug3 sur la page : serveurs/3) 
400 - 22/04/20 à 16:07:18 - Envoyé à l'utilisateur Goug3 sur la page : serveurs/3) 
400 - 22/04/20 à 15:40:01 - Envoyé à l'utilisateur Goug3 sur la page : serveurs/3) 
400 - 22/04/20 à 15:39:32 - Envoyé à l'utilisateur Goug3 sur la page : serveurs/3) 
400 - 22/04/20 à 15:33:54 - Envoyé à l'utilisateur Goug3 sur la page : serveurs/3) 
400 - 22/04/20 à 15:33:00 - Envoyé à l'utilisateur Goug3 sur la page : serveurs/3) 
400 - 22/04/20 à 15:32:34 - Envoyé à l'utilisateur Goug3 sur la page : serveurs/3) 
400 - 22/04/20 à 15:30:54 - Envoyé à l'utilisateur Goug3 sur la page : serveurs/3) 
400 - 22/04/20 à 15:30:19 - Envoyé à l'utilisateur Goug3 sur la page : serveurs/3) 
400 - 22/04/20 à 15:30:14 - Envoyé à l'utilisateur Goug3 sur la page : serveurs/3) 
400 - 22/04/20 à 15:28:40 - Envoyé à l'utilisateur Goug3 sur la page : serveurs/3) 
400 - 22/04/20 à 15:27:29 - Envoyé à l'utilisateur Goug3 sur la page : serveurs/3) 
130 - 22/04/20 à 12:04:39 - Envoyé à l'utilisateur Goug3 sur la page : getimage/png/serveur1/350/150/) 
130 - 22/04/20 à 12:04:32 - Envoyé à l'utilisateur Goug3 sur la page : getimage/png/Logo_Diamond/350/150/) 
130 - 22/04/20 à 12:04:32 - Envoyé à l'utilisateur Goug3 sur la page : getimage/png/serveur2/350/150/) 
130 - 22/04/20 à 12:04:32 - Envoyé à l'utilisateur Goug3 sur la page : getimage/png/serveur1/350/150/) 
121 (Erreur première : 541) - 21/04/20 à 17:54:36 - Envoyé à l'utilisateur Goug3 sur la page : admin/images/delete/0/312195) 
130 - 21/04/20 à 11:41:28 - Envoyé à l'utilisateur Goug3 sur la page : getimage/jpeg/profiles/5e9ed61e62ca4_profilejpeg/300) 
130 - 21/04/20 à 11:17:16 - Envoyé à l'utilisateur Goug3 sur la page : getprofile/Goug3/60/60) 
130 - 21/04/20 à 11:08:24 - Envoyé à l'utilisateur Goug3 sur la page : getimage/Goug3/60/60) 
130 - 21/04/20 à 11:08:22 - Envoyé à l'utilisateur Goug3 sur la page : getimage/png/profiles/no_profile/60/) 
130 - 21/04/20 à 11:08:06 - Envoyé à l'utilisateur Goug3 sur la page : getimage/png/profiles/no_profile/60/) 
130 - 21/04/20 à 11:07:50 - Envoyé à l'utilisateur Goug3 sur la page : getimage/Goug3/60/60) 
130 - 21/04/20 à 11:07:17 - Envoyé à l'utilisateur Goug3 sur la page : getimage/png/profiles/no_profile/60/) 
130 - 20/04/20 à 18:23:09 - Envoyé à l'utilisateur Goug3 sur la page : getimage/png/no_profile./60/60) 
130 - 20/04/20 à 18:23:05 - Envoyé à l'utilisateur Goug3 sur la page : getimage/png/no_profile./60/60) 
130 - 20/04/20 à 18:16:56 - Envoyé à l'utilisateur Goug3 sur la page : getimage/png/profiles/no_profile.) 
130 - 20/04/20 à 18:14:34 - Envoyé à un utilisateur anonyme sur la page : getimage/png/logo.) 
130 - 20/04/20 à 16:57:17 - Envoyé à l'utilisateur Goug3 sur la page : getimage/png/profiles/img_default_min1/100/100) 
130 - 20/04/20 à 16:56:39 - Envoyé à l'utilisateur Goug3 sur la page : getimage/png/profiles/img_default_min1/100/100) 
130 - 20/04/20 à 16:56:22 - Envoyé à l'utilisateur Goug3 sur la page : getimage/png/profiles/img_default_min1/100/100) 
130 - 20/04/20 à 16:56:16 - Envoyé à l'utilisateur Goug3 sur la page : getimage/png/profiles/img_default_min1/100/100) 
130 - 20/04/20 à 16:56:15 - Envoyé à l'utilisateur Goug3 sur la page : getimage/png/profiles/img_default_min1/100/100) 
130 - 20/04/20 à 16:56:12 - Envoyé à l'utilisateur Goug3 sur la page : getimage/png/profiles/img_default_min1/100/100) 
130 - 20/04/20 à 16:55:50 - Envoyé à l'utilisateur Goug3 sur la page : getimage/png/profiles/img_default_min1/100/100) 
131 - 20/04/20 à 16:55:32 - Envoyé à l'utilisateur Goug3 sur la page : getimage/png/profiles/img_default_min_1/100/100) 
131 - 20/04/20 à 16:55:23 - Envoyé à l'utilisateur Goug3 sur la page : getimage/png/profiles/img_default_min_1/100/100) 
131 - 20/04/20 à 16:54:02 - Envoyé à l'utilisateur Goug3 sur la page : getimage/png/profiles/img_default_min_1/100/100) 
131 - 20/04/20 à 16:53:29 - Envoyé à l'utilisateur Goug3 sur la page : getimage/png/profiles/img_default_min_1/100/100) 
331i - 20/04/20 à 10:30:02 - Envoyé à un utilisateur anonyme sur la page : inscription) 
333 - 18/04/20 à 18:21:58 - Envoyé à un utilisateur anonyme sur la page : inscription) 
333 - 18/04/20 à 18:20:12 - Envoyé à un utilisateur anonyme sur la page : inscription) 
332 - 18/04/20 à 18:15:37 - Envoyé à un utilisateur anonyme sur la page : connexion) 
332 - 18/04/20 à 18:14:25 - Envoyé à un utilisateur anonyme sur la page : connexion) 
332 - 18/04/20 à 18:14:06 - Envoyé à un utilisateur anonyme sur la page : connexion) 
111 - 18/04/20 à 09:19:58 - Envoyé à l'utilisateur Goug3 sur la page : admin/config) 
341 - 16/04/20 à 18:32:56 - Envoyé à l'utilisateur Goug3 sur la page : admin/comptes/del_role/7) 
341 - 16/04/20 à 18:32:21 - Envoyé à l'utilisateur Goug3 sur la page : admin/comptes/del_role/7) 
341 - 16/04/20 à 18:31:18 - Envoyé à l'utilisateur Goug3 sur la page : admin/comptes/del_role/7) 
341 - 16/04/20 à 18:31:03 - Envoyé à l'utilisateur Goug3 sur la page : admin/comptes/del_role/7) 
524 - 16/04/20 à 16:05:41 - Envoyé à l'utilisateur Goug3 sur la page : admin/news/) 
524 - 16/04/20 à 16:05:25 - Envoyé à l'utilisateur Goug3 sur la page : admin/news/) 
524 - 16/04/20 à 16:05:12 - Envoyé à l'utilisateur Goug3 sur la page : admin/news/) 
524 - 16/04/20 à 16:03:52 - Envoyé à l'utilisateur Goug3 sur la page : admin/news/) 
524 - 16/04/20 à 15:46:45 - Envoyé à l'utilisateur Goug3 sur la page : admin/news/) 
121 (Erreur première : 524) - 16/04/20 à 15:45:37 - Envoyé à l'utilisateur Goug3 sur la page : admin/news/) 
400 - 16/04/20 à 10:27:16 - Envoyé à un utilisateur anonyme sur la page : erreur/seen/) 
400 - 16/04/20 à 10:27:15 - Envoyé à un utilisateur anonyme sur la page : erreur/seen/) 
400 - 16/04/20 à 10:27:14 - Envoyé à un utilisateur anonyme sur la page : serveurs/json/) 
400 - 16/04/20 à 10:27:13 - Envoyé à un utilisateur anonyme sur la page : serveurs/json/) 
400 - 16/04/20 à 10:27:12 - Envoyé à un utilisateur anonyme sur la page : ) 
400 - 16/04/20 à 10:27:11 - Envoyé à un utilisateur anonyme sur la page : ) 
400 - 15/04/20 à 16:49:59 - Envoyé à l'utilisateur Goug3 sur la page : serveurs/1) 
400 - 15/04/20 à 16:49:49 - Envoyé à l'utilisateur Goug3 sur la page : serveurs/json/) 
400 - 15/04/20 à 16:49:28 - Envoyé à l'utilisateur Goug3 sur la page : serveurs/json/) 
400 - 15/04/20 à 16:49:21 - Envoyé à l'utilisateur Goug3 sur la page : serveurs/1) 
400 - 15/04/20 à 16:48:52 - Envoyé à l'utilisateur Goug3 sur la page : serveurs/1) 
400 - 15/04/20 à 16:48:01 - Envoyé à l'utilisateur Goug3 sur la page : serveurs/1) 
400 - 15/04/20 à 16:47:53 - Envoyé à l'utilisateur Goug3 sur la page : serveurs/1) 
400 - 15/04/20 à 16:46:14 - Envoyé à l'utilisateur Goug3 sur la page : serveurs/1) 
400 - 15/04/20 à 16:45:55 - Envoyé à l'utilisateur Goug3 sur la page : serveurs/1) 
400 - 15/04/20 à 16:45:49 - Envoyé à l'utilisateur Goug3 sur la page : serveurs/1) 
400 - 15/04/20 à 16:38:28 - Envoyé à l'utilisateur Goug3 sur la page : serveurs/1) 
400 - 15/04/20 à 16:37:22 - Envoyé à l'utilisateur Goug3 sur la page : serveurs/1) 
400 - 15/04/20 à 16:37:07 - Envoyé à l'utilisateur Goug3 sur la page : serveurs/1) 
400 - 15/04/20 à 16:36:39 - Envoyé à l'utilisateur Goug3 sur la page : serveurs/1) 
400 - 15/04/20 à 16:36:19 - Envoyé à l'utilisateur Goug3 sur la page : serveurs/1) 
400 - 15/04/20 à 16:35:27 - Envoyé à l'utilisateur Goug3 sur la page : serveurs/1) 
400 - 15/04/20 à 16:35:00 - Envoyé à l'utilisateur Goug3 sur la page : serveurs/1) 
400 - 15/04/20 à 16:34:42 - Envoyé à l'utilisateur Goug3 sur la page : serveurs/1) 
400 - 15/04/20 à 16:34:18 - Envoyé à l'utilisateur Goug3 sur la page : serveurs/1) 
400 - 15/04/20 à 16:31:56 - Envoyé à l'utilisateur Goug3 sur la page : serveurs/json/) 
400 - 15/04/20 à 16:31:12 - Envoyé à l'utilisateur Goug3 sur la page : serveurs/1) 
400 - 15/04/20 à 16:30:40 - Envoyé à l'utilisateur Goug3 sur la page : serveurs/1) 
400 - 15/04/20 à 16:28:27 - Envoyé à l'utilisateur Goug3 sur la page : serveurs/1) 
400 - 15/04/20 à 16:28:23 - Envoyé à l'utilisateur Goug3 sur la page : serveurs/json/) 
400 - 15/04/20 à 16:28:06 - Envoyé à l'utilisateur Goug3 sur la page : serveurs/json/) 
400 - 15/04/20 à 16:28:03 - Envoyé à l'utilisateur Goug3 sur la page : serveurs/json/) 
400 - 15/04/20 à 16:25:03 - Envoyé à l'utilisateur Goug3 sur la page : serveurs/json/) 
400 - 15/04/20 à 16:24:35 - Envoyé à l'utilisateur Goug3 sur la page : serveurs/json/) 
400 - 15/04/20 à 16:21:51 - Envoyé à l'utilisateur Goug3 sur la page : serveurs/json/) 
400 - 15/04/20 à 16:21:38 - Envoyé à l'utilisateur Goug3 sur la page : serveurs/json/) 
400 - 15/04/20 à 16:21:30 - Envoyé à l'utilisateur Goug3 sur la page : serveurs/json/) 
400 - 15/04/20 à 16:21:16 - Envoyé à l'utilisateur Goug3 sur la page : serveurs/json/) 
400 - 15/04/20 à 16:21:14 - Envoyé à l'utilisateur Goug3 sur la page : serveurs/json/) 
400 - 15/04/20 à 16:20:40 - Envoyé à l'utilisateur Goug3 sur la page : serveurs/json/) 
400 - 15/04/20 à 16:20:16 - Envoyé à l'utilisateur Goug3 sur la page : serveurs/json/) 
400 - 15/04/20 à 16:19:12 - Envoyé à l'utilisateur Goug3 sur la page : serveurs/json/) 
400 - 15/04/20 à 16:18:01 - Envoyé à l'utilisateur Goug3 sur la page : serveurs/json/) 
400 - 15/04/20 à 16:18:01 - Envoyé à l'utilisateur Goug3 sur la page : serveurs/json/) 
400 - 15/04/20 à 16:17:35 - Envoyé à l'utilisateur Goug3 sur la page : serveurs/json/) 
400 - 15/04/20 à 16:17:34 - Envoyé à l'utilisateur Goug3 sur la page : serveurs/json/) 
400 - 15/04/20 à 16:15:52 - Envoyé à l'utilisateur Goug3 sur la page : serveurs/json/) 
400 - 15/04/20 à 16:11:52 - Envoyé à l'utilisateur Goug3 sur la page : serveurs/json/) 
400 - 15/04/20 à 16:11:48 - Envoyé à l'utilisateur Goug3 sur la page : serveurs/json/) 
400 - 15/04/20 à 16:11:02 - Envoyé à l'utilisateur Goug3 sur la page : serveurs/json/) 
400 - 15/04/20 à 16:10:44 - Envoyé à l'utilisateur Goug3 sur la page : serveurs/json/) 
400 - 15/04/20 à 16:08:37 - Envoyé à l'utilisateur Goug3 sur la page : serveurs/json/) 
400 - 15/04/20 à 16:08:37 - Envoyé à l'utilisateur Goug3 sur la page : serveurs/json/) 
400 - 15/04/20 à 14:58:41 - Envoyé à l'utilisateur Goug3 sur la page : serveurs/json/) 
400 - 15/04/20 à 14:57:31 - Envoyé à l'utilisateur Goug3 sur la page : serveurs/json/1) 
400 - 15/04/20 à 14:56:29 - Envoyé à l'utilisateur Goug3 sur la page : serveurs/1) 
400 - 15/04/20 à 14:56:22 - Envoyé à l'utilisateur Goug3 sur la page : serveurs/json/) 
400 - 15/04/20 à 14:52:02 - Envoyé à l'utilisateur Goug3 sur la page : serveurs/json/) 
400 - 15/04/20 à 14:44:03 - Envoyé à l'utilisateur Goug3 sur la page : compte/Monstylo9) 
400 - 15/04/20 à 14:42:57 - Envoyé à l'utilisateur Goug3 sur la page : compte/Monstylo9) 
400 - 15/04/20 à 14:42:13 - Envoyé à l'utilisateur Goug3 sur la page : compte/Monstylo9) 
400 - 15/04/20 à 14:42:13 - Envoyé à l'utilisateur Goug3 sur la page : compte/Monstylo9) 
400 - 15/04/20 à 14:41:57 - Envoyé à l'utilisateur Goug3 sur la page : compte/Monstylo9) 
400 - 15/04/20 à 14:41:57 - Envoyé à l'utilisateur Goug3 sur la page : compte/Monstylo9) 
400 - 15/04/20 à 14:41:29 - Envoyé à l'utilisateur Goug3 sur la page : compte/Monstylo9) 
400 - 15/04/20 à 14:41:29 - Envoyé à l'utilisateur Goug3 sur la page : compte/Monstylo9) 
400 - 15/04/20 à 14:32:14 - Envoyé à l'utilisateur Goug3 sur la page : compte/Monstylo9) 
400 - 15/04/20 à 14:32:14 - Envoyé à l'utilisateur Goug3 sur la page : compte/Monstylo9) 
332 - 14/04/20 à 21:36:32 - Envoyé à un utilisateur anonyme sur la page : connexion) 
341 - 9/12/17 à 17:35:38 - Envoyé à l'utilisateur Goug3 sur la page : admin/news/del_news_from_modal/28) 
341 - 8/12/17 à 21:55:15 - Envoyé à l'utilisateur Goug3 sur la page : admin/news/del_news_from_modal/2) 
341 - 8/12/17 à 21:53:53 - Envoyé à l'utilisateur Goug3 sur la page : admin/news/del_news_from_modal/2) 
341 - 8/12/17 à 21:52:40 - Envoyé à l'utilisateur Goug3 sur la page : admin/news/del_news_from_modal/2) 
341 - 8/12/17 à 21:51:41 - Envoyé à l'utilisateur Goug3 sur la page : admin/news/del_news_from_modal/2) 
341 - 8/12/17 à 21:51:18 - Envoyé à l'utilisateur Goug3 sur la page : admin/news/del_news_from_modal/2) 
341 - 8/12/17 à 21:51:01 - Envoyé à l'utilisateur Goug3 sur la page : admin/news/del_news_from_modal/2) 
341 - 8/12/17 à 21:50:09 - Envoyé à l'utilisateur Goug3 sur la page : admin/news/del_news_from_modal/2) 
341 - 8/12/17 à 21:48:47 - Envoyé à l'utilisateur Goug3 sur la page : admin/news/del_news_from_modal/2) 
341 - 8/12/17 à 21:48:46 - Envoyé à l'utilisateur Goug3 sur la page : admin/news/del_news_from_modal/2) 
341 - 8/12/17 à 21:46:36 - Envoyé à l'utilisateur Goug3 sur la page : admin/news/del_news_from_modal/2) 
341 - 8/12/17 à 21:46:36 - Envoyé à l'utilisateur Goug3 sur la page : admin/news/del_news_from_modal/2) 
341 - 8/12/17 à 21:46:33 - Envoyé à l'utilisateur Goug3 sur la page : admin/news/del_news_from_modal/2) 
341 - 8/12/17 à 21:46:33 - Envoyé à l'utilisateur Goug3 sur la page : admin/news/del_news_from_modal/2) 
341 - 8/12/17 à 21:46:32 - Envoyé à l'utilisateur Goug3 sur la page : admin/news/del_news_from_modal/2) 
341 - 8/12/17 à 21:46:31 - Envoyé à l'utilisateur Goug3 sur la page : admin/news/del_news_from_modal/2) 
341 - 8/12/17 à 21:46:17 - Envoyé à l'utilisateur Goug3 sur la page : admin/news/del_news_from_modal/2) 
341 - 8/12/17 à 21:46:07 - Envoyé à l'utilisateur Goug3 sur la page : admin/news/del_news_from_modal/2) 
341 - 8/12/17 à 21:46:07 - Envoyé à l'utilisateur Goug3 sur la page : admin/news/del_news_from_modal/2) 
341 - 8/12/17 à 21:45:36 - Envoyé à l'utilisateur Goug3 sur la page : admin/news/del_news_from_modal/2) 
332 - 4/10/17 à 16:34:36 - Envoyé à un utilisateur anonyme sur la page : connexion) 
332 - 7/08/17 à 08:12:12 - Envoyé à un utilisateur anonyme sur la page : connexion) 
332 - 23/07/17 à 12:48:11 - Envoyé à un utilisateur anonyme sur la page : connexion) 
332 - 23/07/17 à 11:48:21 - Envoyé à un utilisateur anonyme sur la page : connexion) 
332 - 23/07/17 à 08:57:35 - Envoyé à un utilisateur anonyme sur la page : connexion) 
332 - 23/07/17 à 08:56:48 - Envoyé à un utilisateur anonyme sur la page : connexion) 
332 - 23/07/17 à 08:50:37 - Envoyé à un utilisateur anonyme sur la page : connexion) 
332 - 23/07/17 à 08:00:40 - Envoyé à un utilisateur anonyme sur la page : connexion) 
332 - 23/07/17 à 08:00:27 - Envoyé à un utilisateur anonyme sur la page : connexion) 
332 - 23/07/17 à 07:59:56 - Envoyé à un utilisateur anonyme sur la page : connexion) 
332 - 23/07/17 à 07:59:43 - Envoyé à un utilisateur anonyme sur la page : connexion) 
332 - 23/07/17 à 07:59:30 - Envoyé à un utilisateur anonyme sur la page : connexion) 
